-------------------------------------------------------------------------------
Test set: edu.isys.assign3.PrescriptionRepoImplTest
-------------------------------------------------------------------------------
Tests run: 3, Failures: 3, Errors: 0, Skipped: 0, Time elapsed: 0.862 sec <<< FAILURE!
edu.isys.assign3.PrescriptionRepoImplTest.testModifyPrescription()  Time elapsed: 0.821 sec  <<< FAILURE!
java.lang.NullPointerException
	at edu.isys.assign3.repository.impl.PrescriptionRepoImpl.modifyPrescription(PrescriptionRepoImpl.java:49)
	at edu.isys.assign3.PrescriptionRepoImplTest.testModifyPrescription(PrescriptionRepoImplTest.java:53)

edu.isys.assign3.PrescriptionRepoImplTest.testGetForPatient()  Time elapsed: 0.02 sec  <<< FAILURE!
java.lang.NoClassDefFoundError: org/junit/Assert
	at edu.isys.assign3.PrescriptionRepoImplTest.testGetForPatient(PrescriptionRepoImplTest.java:21)
Caused by: java.lang.ClassNotFoundException: org.junit.Assert
	at java.net.URLClassLoader$1.run(URLClassLoader.java:372)
	at java.net.URLClassLoader$1.run(URLClassLoader.java:361)
	at java.security.AccessController.doPrivileged(Native Method)
	at java.net.URLClassLoader.findClass(URLClassLoader.java:360)
	at java.lang.ClassLoader.loadClass(ClassLoader.java:424)
	at sun.misc.Launcher$AppClassLoader.loadClass(Launcher.java:308)
	at java.lang.ClassLoader.loadClass(ClassLoader.java:357)
	... 19 more

edu.isys.assign3.PrescriptionRepoImplTest.testPut()  Time elapsed: 0.02 sec  <<< FAILURE!
java.lang.NoClassDefFoundError: org/junit/Assert
	at edu.isys.assign3.PrescriptionRepoImplTest.testPut(PrescriptionRepoImplTest.java:39)

